c:\users\jean-philippe\documents\github\gameprojectfinal\gameprojectfinal\gameprojectfinal\debug\vc140.pdb
c:\users\jean-philippe\documents\github\gameprojectfinal\gameprojectfinal\gameprojectfinal\debug\vc140.idb
c:\users\jean-philippe\documents\github\gameprojectfinal\gameprojectfinal\gameprojectfinal\debug\camera.obj
c:\users\jean-philippe\documents\github\gameprojectfinal\gameprojectfinal\gameprojectfinal\debug\colorshader.obj
c:\users\jean-philippe\documents\github\gameprojectfinal\gameprojectfinal\gameprojectfinal\debug\direct3d.obj
c:\users\jean-philippe\documents\github\gameprojectfinal\gameprojectfinal\gameprojectfinal\debug\graphics.obj
c:\users\jean-philippe\documents\github\gameprojectfinal\gameprojectfinal\gameprojectfinal\debug\main.obj
c:\users\jean-philippe\documents\github\gameprojectfinal\gameprojectfinal\gameprojectfinal\debug\model2d.obj
c:\users\jean-philippe\documents\github\gameprojectfinal\gameprojectfinal\gameprojectfinal\debug\model2dinstance.obj
c:\users\jean-philippe\documents\github\gameprojectfinal\gameprojectfinal\gameprojectfinal\debug\object.obj
c:\users\jean-philippe\documents\github\gameprojectfinal\gameprojectfinal\gameprojectfinal\debug\ressourcemanager.obj
c:\users\jean-philippe\documents\github\gameprojectfinal\gameprojectfinal\gameprojectfinal\debug\systemclass.obj
c:\users\jean-philippe\documents\github\gameprojectfinal\gameprojectfinal\gameprojectfinal\debug\texture.obj
c:\users\jean-philippe\documents\github\gameprojectfinal\gameprojectfinal\gameprojectfinal\debug\textureshader.obj
c:\users\jean-philippe\documents\github\gameprojectfinal\gameprojectfinal\gameprojectfinal\debug\textureshaderinstance.obj
c:\users\jean-philippe\documents\github\gameprojectfinal\gameprojectfinal\gameprojectfinal\debug\world.obj
c:\users\jean-philippe\documents\github\gameprojectfinal\gameprojectfinal\gameprojectfinal\debug\contextworld.obj
c:\users\jean-philippe\documents\github\gameprojectfinal\gameprojectfinal\debug\gameprojectfinal.ilk
c:\users\jean-philippe\documents\github\gameprojectfinal\gameprojectfinal\debug\gameprojectfinal.exe
c:\users\jean-philippe\documents\github\gameprojectfinal\gameprojectfinal\debug\gameprojectfinal.pdb
c:\users\jean-philippe\documents\github\gameprojectfinal\gameprojectfinal\gameprojectfinal\debug\gameprojectfinal.tlog\cl.command.1.tlog
c:\users\jean-philippe\documents\github\gameprojectfinal\gameprojectfinal\gameprojectfinal\debug\gameprojectfinal.tlog\cl.read.1.tlog
c:\users\jean-philippe\documents\github\gameprojectfinal\gameprojectfinal\gameprojectfinal\debug\gameprojectfinal.tlog\cl.write.1.tlog
c:\users\jean-philippe\documents\github\gameprojectfinal\gameprojectfinal\gameprojectfinal\debug\gameprojectfinal.tlog\link.command.1.tlog
c:\users\jean-philippe\documents\github\gameprojectfinal\gameprojectfinal\gameprojectfinal\debug\gameprojectfinal.tlog\link.read.1.tlog
c:\users\jean-philippe\documents\github\gameprojectfinal\gameprojectfinal\gameprojectfinal\debug\gameprojectfinal.tlog\link.write.1.tlog
